агрегат	1	агрегат
агрегат	1+е+2	агр,гат
европеец	1	европеец
европеец	1+о+2	евр,пеец
европеец	1+е+2	европ,ец;европе,ц
носок	1	носок
носок	1+о+2	н,сок;нос,к
статуя	1	статуя
статуя	1+2+я	с,тату;ст,ату;ста,ту;стат,у
статуя	1+я	стату
ремесло	1	ремесло
ремесло	1+о	ремесл
ремесло	1+2+о	р,емесл;ре,месл;рем,есл;реме,сл;ремес,л
ремесло	1+е+2+3+о	р,м,есл;р,ме,сл;р,мес,л;рем,с,л
ремесло	1+е+2	р,месло;рем,сло
ремесло	1+е+2+о	р,месл;рем,сл
бедствие	1	бедствие
бедствие	1+е	бедстви
бедствие	1+е+2	б,дствие
рассвет	1	рассвет
рассвет	1+е+2	рассв,т
назначение	1	назначение
назначение	1+е	назначени
назначение	1+е+2	назнач,ние
вода	1	вода
вода	1+о+2	в,да
вода	1+а	вод
вода	1+2+а	в,од;во,д
ширина	1	ширина
ширина	1+а	ширин
ширина	1+2+а	ш,ирин;ши,рин;шир,ин;шири,н
добродетель	1	добродетель
добродетель	1+о+2	д,бродетель;добр,детель
добродетель	1+ь	добродетел
добродетель	1+е+2	доброд,тель;добродет,ль
добродетель	1+е+2+ь	доброд,тел;добродет,л
добродетель	1+о+2+ь	д,бродетел;добр,детел
тень	1	тень
тень	1+ь	тен
тень	1+е+2	т,нь
тень	1+е+2+ь	т,н
геометрия	1	геометрия
геометрия	1+о+2	ге,метрия
геометрия	1+2+я	г,еометри;ге,ометри;гео,метри;геом,етри;геоме,три;геомет,ри;геометр,и
геометрия	1+я	геометри
геометрия	1+е+2	г,ометрия;геом,трия
химия	1	химия
химия	1+2+я	х,ими;хи,ми;хим,и
химия	1+я	хими
арка	1	арка
арка	1+а	арк
арка	1+2+а	а,рк;ар,к
шутка	1	шутка
шутка	1+а	шутк
шутка	1+2+а	ш,утк;шу,тк;шут,к
блюдо	1	блюдо
блюдо	1+о	блюд
блюдо	1+2+о	б,люд;бл,юд;блю,д
слово	1	слово
слово	1+о+2	сл,во
слово	1+о	слов
слово	1+2+о	с,лов;сл,ов;сло,в
интрига	1	интрига
интрига	1+а	интриг
интрига	1+2+а	и,нтриг;ин,триг;инт,риг;интр,иг;интри,г
тоска	1	тоска
тоска	1+о+2	т,ска
тоска	1+а	тоск
тоска	1+2+а	т,оск;то,ск;тос,к
песок	1	песок
песок	1+о+2	пес,к
песок	1+е+2	п,сок
ложка	1	ложка
ложка	1+о+2	л,жка
ложка	1+а	ложк
ложка	1+2+а	л,ожк;ло,жк;лож,к
пачка	1	пачка
пачка	1+а	пачк
пачка	1+2+а	п,ачк;па,чк;пач,к
медведь	1	медведь
медведь	1+ь	медвед
медведь	1+е+2	м,дведь;медв,дь
медведь	1+е+2+ь	м,двед;медв,д
строитель	1	строитель
строитель	1+о+2	стр,итель
строитель	1+ь	строител
строитель	1+е+2	строит,ль
строитель	1+е+2+ь	строит,л
строитель	1+о+2+ь	стр,ител
век	1	век
век	1+е+2	в,к
каша	1	каша
каша	1+а	каш
каша	1+2+а	к,аш;ка,ш
отель	1	отель
отель	1+ь	отел
отель	1+е+2	от,ль
отель	1+е+2+ь	от,л
фестиваль	1	фестиваль
фестиваль	1+ь	фестивал
фестиваль	1+е+2	ф,стиваль
фестиваль	1+е+2+ь	ф,стивал
леди	1	леди
леди	1+е+2	л,ди
фото	1	фото
фото	1+о+2	ф,то
фото	1+о	фот
фото	1+2+о	ф,от;фо,т
урожай	1+й	урожа
урожай	1	урожай
урожай	1+о+2	ур,жай
хоккей	1+й	хокке
хоккей	1	хоккей
хоккей	1+о+2	х,ккей
хоккей	1+е+2	хокк,й
варенье	1	варенье
варенье	1+е	варень
варенье	1+е+2	вар,нье
варенье	1+ье	варен
устье	1	устье
устье	1+е	усть
устье	1+ье	уст
птица	1	птица
птица	1+а	птиц
птица	1+2+а	п,тиц;пт,иц;пти,ц
ученица	1	ученица
ученица	1+а	учениц
ученица	1+е+2	уч,ница
ученица	1+2+а	у,чениц;уч,ениц;уче,ниц;учен,иц;учени,ц
невестка	1	невестка
невестка	1+а	невестк
невестка	1+е+2	н,вестка;нев,стка
невестка	1+2+а	н,евестк;не,вестк;нев,естк;неве,стк;невес,тк;невест,к
овчарка	1	овчарка
овчарка	1+а	овчарк
овчарка	1+2+а	о,вчарк;ов,чарк;овч,арк;овча,рк;овчар,к
байка	1	байка
байка	1+а	байк
байка	1+й+2+а	ба,к
байка	1+2+а	б,айк;ба,йк;бай,к
стойка	1	стойка
стойка	1+о+2	ст,йка
стойка	1+а	стойк
стойка	1+й+2+а	сто,к
стойка	1+2+а	с,тойк;ст,ойк;сто,йк;стой,к
боярин	1+ин	бояр
боярин	1	боярин
боярин	1+о+2	б,ярин
горожанин	1+ин	горожан
горожанин	1	горожанин
горожанин	1+о+2	г,рожанин;гор,жанин
муха	1	муха
муха	1+а	мух
муха	1+2+а	м,ух;му,х
миля	1	миля
миля	1+2+я	м,ил;ми,л
миля	1+я	мил
неделя	1	неделя
неделя	1+2+я	н,едел;не,дел;нед,ел;неде,л
неделя	1+я	недел
неделя	1+е+2	н,деля;нед,ля
гребень	1	гребень
гребень	1+ь	гребен
гребень	1+е+2	гр,бень;греб,нь
гребень	1+е+2+ь	гр,бен;греб,н
камень	1	камень
камень	1+ь	камен
камень	1+е+2	кам,нь
камень	1+е+2+ь	кам,н
венец	1	венец
венец	1+е+2	в,нец;вен,ц
ветер	1	ветер
ветер	1+е+2	в,тер;вет,р
зрелище	1	зрелище
зрелище	1+е	зрелищ
зрелище	1+е+2	зр,лище
солнце	1	солнце
солнце	1+о+2	с,лнце
солнце	1+е	солнц
отец	1	отец
отец	1+е+2	от,ц
певец	1	певец
певец	1+е+2	п,вец;пев,ц
вселенная	1	вселенная
вселенная	1+2+я	в,селенна;вс,еленна;все,ленна;всел,енна;вселе,нна;вселен,на;вселенн,а
вселенная	1+я	вселенна
вселенная	1+ая	вселенн
вселенная	1+е+2	вс,ленная;всел,нная
гостиная	1	гостиная
гостиная	1+о+2	г,стиная
гостиная	1+2+я	г,остина;го,стина;гос,тина;гост,ина;гости,на;гостин,а
гостиная	1+я	гостина
гостиная	1+ая	гостин
идея	1	идея
идея	1+2+я	и,де;ид,е
идея	1+я	иде
идея	1+е+2	ид,я
статуя	1	статуя
статуя	1+2+я	с,тату;ст,ату;ста,ту;стат,у
статуя	1+я	стату
бугор	1	бугор
бугор	1+о+2	буг,р
лоб	1	лоб
лоб	1+о+2	л,б
злодей	1+й	злоде
злодей	1	злодей
злодей	1+о+2	зл,дей
злодей	1+е+2	злод,й
ведро	1	ведро
ведро	1+о	ведр
ведро	1+2+о	в,едр;ве,др;вед,р
ведро	1+е+2+3+о	в,д,р
ведро	1+е+2	в,дро
ведро	1+е+2+о	в,др
кресло	1	кресло
кресло	1+о	кресл
кресло	1+2+о	к,ресл;кр,есл;кре,сл;крес,л
кресло	1+е+2+3+о	кр,с,л
кресло	1+е+2	кр,сло
кресло	1+е+2+о	кр,сл
число	1	число
число	1+о	числ
число	1+2+о	ч,исл;чи,сл;чис,л
местечко	1	местечко
местечко	1+о	местечк
местечко	1+2+о	м,естечк;ме,стечк;мес,течк;мест,ечк;месте,чк;местеч,к
местечко	1+е+2+3+о	м,с,течк;м,ст,ечк;м,сте,чк;м,стеч,к;мест,ч,к
местечко	1+е+2	м,стечко;мест,чко
местечко	1+е+2+о	м,стечк;мест,чк
окошко	1	окошко
окошко	1+о+2	ок,шко
окошко	1+о	окошк
окошко	1+2+о	о,кошк;ок,ошк;око,шк;окош,к
княгиня	1	княгиня
княгиня	1+2+я	к,нягин;кн,ягин;кня,гин;княг,ин;княги,н
княгиня	1+я	княгин
няня	1	няня
няня	1+2+я	н,ян;ня,н
няня	1+я	нян
жильё	1+ьё	жил
ружьё	1+ьё	руж
второе	1	второе
второе	1+о+2	вт,рое;втор,е
второе	1+е	второ
второе	1+ое	втор
пирожное	1	пирожное
пирожное	1+о+2	пир,жное;пирожн,е
пирожное	1+е	пирожно
пирожное	1+ое	пирожн
слой	1+й	сло
слой	1	слой
слой	1+о+2	сл,й
чай	1+й	ча
чай	1	чай
камешек	1	камешек
камешек	1+е+2	кам,шек;камеш,к
цветочек	1	цветочек
цветочек	1+о+2	цвет,чек
цветочек	1+е+2	цв,точек;цветоч,к
деревня	1	деревня
деревня	1+2+я	д,еревн;де,ревн;дер,евн;дере,вн;дерев,н
деревня	1+я	деревн
деревня	1+е+2	д,ревня;дер,вня
капля	1	капля
капля	1+2+я	к,апл;ка,пл;кап,л
капля	1+я	капл
козырёк	1+ё+2	козыр,к
кошелёк	1+ё+2	кошел,к
время	1	время
время	1+2+я	в,рем;вр,ем;вре,м
время	1+я	врем
время	1+е+2	вр,мя
имя	1	имя
имя	1+2+я	и,м
имя	1+я	им
веко	1	веко
веко	1+о	век
веко	1+2+о	в,ек;ве,к
веко	1+е+2	в,ко
веко	1+е+2+о	в,к
молоко	1	молоко
молоко	1+о+2	м,локо;мол,ко
молоко	1+о	молок
молоко	1+2+о	м,олок;мо,лок;мол,ок;моло,к
алюминий	1+й	алюмини
алюминий	1	алюминий
алюминий	1+ий	алюмин
комментарий	1+й	комментари
комментарий	1	комментарий
комментарий	1+о+2	к,мментарий
комментарий	1+ий	комментар
комментарий	1+е+2	комм,нтарий
заведующий	1+й	заведующи
заведующий	1	заведующий
заведующий	1+ий	заведующ
заведующий	1+е+2	зав,дующий
рабочий	1+й	рабочи
рабочий	1	рабочий
рабочий	1+о+2	раб,чий
рабочий	1+ий	рабоч
озеро	1	озеро
озеро	1+о	озер
озеро	1+2+о	о,зер;оз,ер;озе,р
озеро	1+е+2	оз,ро
озеро	1+е+2+о	оз,р
село	1	село
село	1+о	сел
село	1+2+о	с,ел;се,л
село	1+е+2	с,ло
село	1+е+2+о	с,л
волокно	1	волокно
волокно	1+о+2	в,локно;вол,кно
волокно	1+о	волокн
волокно	1+2+о	в,олокн;во,локн;вол,окн;воло,кн;волок,н
дно	1	дно
дно	1+о	дн
дно	1+2+о	д,н
котёнок	1+ё+2	кот,нок
котёнок	1+ёнок	кот
поросёнок	1+ё+2	порос,нок
поросёнок	1+ёнок	порос
свадьба	1	свадьба
свадьба	1+а	свадьб
свадьба	1+ь+2+а	свад,б
свадьба	1+2+а	с,вадьб;св,адьб;сва,дьб;свад,ьб;свадь,б
судьба	1	судьба
судьба	1+а	судьб
судьба	1+ь+2+а	суд,б
судьба	1+2+а	с,удьб;су,дьб;суд,ьб;судь,б
коготь	1	коготь
коготь	1+о+2	к,готь;ког,ть
коготь	1+ь	когот
коготь	1+о+2+ь	к,гот;ког,т
лапоть	1	лапоть
лапоть	1+о+2	лап,ть
лапоть	1+ь	лапот
лапоть	1+о+2+ь	лап,т
крыло	1	крыло
крыло	1+о	крыл
крыло	1+2+о	к,рыл;кр,ыл;кры,л
перо	1	перо
перо	1+о	пер
перо	1+2+о	п,ер;пе,р
перо	1+е+2	п,ро
перо	1+е+2+о	п,р
европеец	1	европеец
европеец	1+о+2	евр,пеец
европеец	1+е+2	европ,ец;европе,ц
индеец	1	индеец
индеец	1+е+2	инд,ец;инде,ц
